<?xml version="1.0" encoding="UTF-8"?>
<!-- Generated by org.testng.reporters.JUnitReportReporter -->
<testsuite ignored="0" hostname="ABRIL_DIEGO" failures="0" tests="1" name="Testing.Test_Selenium" time="3.402" errors="0" timestamp="20 jul 2024 17:21:38 GMT" skipped="0">
  <testcase classname="Testing.Test_Selenium" name="f" time="3.402"/>
</testsuite> <!-- Testing.Test_Selenium -->
